Fri Jun 16 2023 1:24 } [PHU] error: globalerror $regex has to be a string
Fri Jun 16 2023 1:25 } [PHU] error: globalerror $regex has to be a string
Fri Jun 16 2023 1:25 } [PHU] error: globalerror $regex has to be a string
Fri Jun 16 2023 1:25 } [PHU] error: globalerror $regex has to be a string
Fri Jun 16 2023 1:25 } [PHU] error: globalerror $regex has to be a string
Fri Jun 16 2023 1:28 } [PHU] error: globalerror Cast to number failed for value "i" (type string) at path "year" for model "AcademicSemester"
Fri Jun 16 2023 1:29 } [PHU] error: globalerror Cast to number failed for value "2029" (type string) at path "year" for model "AcademicSemester"
Fri Jun 16 2023 1:30 } [PHU] error: globalerror Cast to number failed for value "2029" (type number) at path "year" for model "AcademicSemester"
Fri Jun 16 2023 1:32 } [PHU] error: globalerror Invalid Semester code
Fri Jun 16 2023 1:32 } [PHU] error: globalerror [
  {
    "received": "Summer",
    "code": "invalid_enum_value",
    "options": [
      "Autumn",
      "Spring",
      "Fall"
    ],
    "path": [
      "body",
      "title"
    ],
    "message": "Invalid enum value. Expected 'Autumn' | 'Spring' | 'Fall', received 'Summer'"
  }
]
