Fri Jun 16 2023 20:1 } [PHU] error: globalerror Cannot read properties of undefined (reading 'parseAsync')
Fri Jun 16 2023 20:1 } [PHU] error: globalerror Cannot read properties of undefined (reading 'parseAsync')
Fri Jun 16 2023 20:5 } [PHU] error: globalerror [
  {
    "code": "invalid_type",
    "expected": "object",
    "received": "undefined",
    "path": [
      "body",
      "body"
    ],
    "message": "Required"
  }
]
Fri Jun 16 2023 20:8 } [PHU] error: globalerror [
  {
    "code": "invalid_type",
    "expected": "object",
    "received": "undefined",
    "path": [
      "body",
      "body"
    ],
    "message": "Required"
  }
]
Fri Jun 16 2023 20:8 } [PHU] error: globalerror [
  {
    "code": "invalid_type",
    "expected": "object",
    "received": "undefined",
    "path": [
      "body",
      "body"
    ],
    "message": "Required"
  }
]
Fri Jun 16 2023 20:8 } [PHU] error: globalerror keys is not iterable
Fri Jun 16 2023 20:9 } [PHU] error: globalerror keys is not iterable
Fri Jun 16 2023 20:9 } [PHU] error: globalerror keys is not iterable
Fri Jun 16 2023 20:12 } [PHU] error: globalerror [
  {
    "code": "invalid_type",
    "expected": "object",
    "received": "undefined",
    "path": [
      "body",
      "body"
    ],
    "message": "Required"
  }
]
Fri Jun 16 2023 20:13 } [PHU] error: globalerror [
  {
    "code": "invalid_type",
    "expected": "object",
    "received": "undefined",
    "path": [
      "body",
      "body"
    ],
    "message": "Required"
  }
]
Fri Jun 16 2023 20:17 } [PHU] error: globalerror keys is not iterable
Fri Jun 16 2023 20:19 } [PHU] error: globalerror [
  {
    "code": "invalid_type",
    "expected": "object",
    "received": "undefined",
    "path": [
      "body",
      "body"
    ],
    "message": "Required"
  }
]
Fri Jun 16 2023 20:19 } [PHU] error: globalerror [
  {
    "code": "invalid_type",
    "expected": "object",
    "received": "undefined",
    "path": [
      "body",
      "body"
    ],
    "message": "Required"
  }
]
Fri Jun 16 2023 20:19 } [PHU] error: globalerror [
  {
    "code": "invalid_type",
    "expected": "object",
    "received": "undefined",
    "path": [
      "body",
      "body"
    ],
    "message": "Required"
  }
]
Fri Jun 16 2023 20:22 } [PHU] error: globalerror [
  {
    "code": "invalid_type",
    "expected": "object",
    "received": "undefined",
    "path": [
      "body",
      "body"
    ],
    "message": "Required"
  }
]
Fri Jun 16 2023 20:24 } [PHU] error: globalerror keys is not iterable
